<?xml version="1.0" encoding="UTF-8"?>
<testsuite xmlns:xsi="http://www.w3.org/2001/XMLSchema-instance" xsi:noNamespaceSchemaLocation="https://maven.apache.org/surefire/maven-surefire-plugin/xsd/surefire-test-report-3.0.xsd" version="3.0" name="TestSuite" time="102.2" tests="1" errors="0" skipped="0" failures="1">
  <properties>
    <property name="gopherProxySet" value="false"/>
    <property name="awt.toolkit" value="sun.lwawt.macosx.LWCToolkit"/>
    <property name="java.specification.version" value="11"/>
    <property name="webdriver.chrome.driver" value="/Users/saranshchitnis/Downloads/chromedriver"/>
    <property name="sun.cpu.isalist" value=""/>
    <property name="sun.jnu.encoding" value="UTF-8"/>
    <property name="java.class.path" value="/Users/saranshchitnis/Downloads/E2EProject/target/test-classes:/Users/saranshchitnis/Downloads/E2EProject/target/classes:/Users/saranshchitnis/.m2/repository/info/cukes/cucumber-java/1.2.5/cucumber-java-1.2.5.jar:/Users/saranshchitnis/.m2/repository/info/cukes/cucumber-core/1.2.5/cucumber-core-1.2.5.jar:/Users/saranshchitnis/.m2/repository/info/cukes/cucumber-html/0.2.3/cucumber-html-0.2.3.jar:/Users/saranshchitnis/.m2/repository/info/cukes/cucumber-jvm-deps/1.0.5/cucumber-jvm-deps-1.0.5.jar:/Users/saranshchitnis/.m2/repository/info/cukes/gherkin/2.12.2/gherkin-2.12.2.jar:/Users/saranshchitnis/.m2/repository/info/cukes/cucumber-junit/1.2.5/cucumber-junit-1.2.5.jar:/Users/saranshchitnis/.m2/repository/junit/junit/4.13/junit-4.13.jar:/Users/saranshchitnis/.m2/repository/org/hamcrest/hamcrest-core/1.3/hamcrest-core-1.3.jar:/Users/saranshchitnis/.m2/repository/com/aventstack/extentreports/4.1.5/extentreports-4.1.5.jar:/Users/saranshchitnis/.m2/repository/org/freemarker/freemarker/2.3.29/freemarker-2.3.29.jar:/Users/saranshchitnis/.m2/repository/org/apache/httpcomponents/httpclient/4.5.2/httpclient-4.5.2.jar:/Users/saranshchitnis/.m2/repository/org/apache/httpcomponents/httpcore/4.4.4/httpcore-4.4.4.jar:/Users/saranshchitnis/.m2/repository/commons-logging/commons-logging/1.2/commons-logging-1.2.jar:/Users/saranshchitnis/.m2/repository/commons-codec/commons-codec/1.9/commons-codec-1.9.jar:/Users/saranshchitnis/.m2/repository/org/apache/httpcomponents/httpmime/4.5.2/httpmime-4.5.2.jar:/Users/saranshchitnis/.m2/repository/com/google/code/gson/gson/2.8.6/gson-2.8.6.jar:/Users/saranshchitnis/.m2/repository/org/mongodb/mongodb-driver/3.12.0/mongodb-driver-3.12.0.jar:/Users/saranshchitnis/.m2/repository/org/mongodb/mongodb-driver-core/3.12.0/mongodb-driver-core-3.12.0.jar:/Users/saranshchitnis/.m2/repository/org/mongodb/bson/3.12.0/bson-3.12.0.jar:/Users/saranshchitnis/.m2/repository/org/seleniumhq/selenium/selenium-java/3.141.59/selenium-java-3.141.59.jar:/Users/saranshchitnis/.m2/repository/org/seleniumhq/selenium/selenium-api/3.141.59/selenium-api-3.141.59.jar:/Users/saranshchitnis/.m2/repository/org/seleniumhq/selenium/selenium-chrome-driver/3.141.59/selenium-chrome-driver-3.141.59.jar:/Users/saranshchitnis/.m2/repository/org/seleniumhq/selenium/selenium-edge-driver/3.141.59/selenium-edge-driver-3.141.59.jar:/Users/saranshchitnis/.m2/repository/org/seleniumhq/selenium/selenium-firefox-driver/3.141.59/selenium-firefox-driver-3.141.59.jar:/Users/saranshchitnis/.m2/repository/org/seleniumhq/selenium/selenium-ie-driver/3.141.59/selenium-ie-driver-3.141.59.jar:/Users/saranshchitnis/.m2/repository/org/seleniumhq/selenium/selenium-opera-driver/3.141.59/selenium-opera-driver-3.141.59.jar:/Users/saranshchitnis/.m2/repository/org/seleniumhq/selenium/selenium-remote-driver/3.141.59/selenium-remote-driver-3.141.59.jar:/Users/saranshchitnis/.m2/repository/org/seleniumhq/selenium/selenium-safari-driver/3.141.59/selenium-safari-driver-3.141.59.jar:/Users/saranshchitnis/.m2/repository/org/seleniumhq/selenium/selenium-support/3.141.59/selenium-support-3.141.59.jar:/Users/saranshchitnis/.m2/repository/net/bytebuddy/byte-buddy/1.8.15/byte-buddy-1.8.15.jar:/Users/saranshchitnis/.m2/repository/org/apache/commons/commons-exec/1.3/commons-exec-1.3.jar:/Users/saranshchitnis/.m2/repository/com/google/guava/guava/25.0-jre/guava-25.0-jre.jar:/Users/saranshchitnis/.m2/repository/com/google/code/findbugs/jsr305/1.3.9/jsr305-1.3.9.jar:/Users/saranshchitnis/.m2/repository/org/checkerframework/checker-compat-qual/2.0.0/checker-compat-qual-2.0.0.jar:/Users/saranshchitnis/.m2/repository/com/google/errorprone/error_prone_annotations/2.1.3/error_prone_annotations-2.1.3.jar:/Users/saranshchitnis/.m2/repository/com/google/j2objc/j2objc-annotations/1.1/j2objc-annotations-1.1.jar:/Users/saranshchitnis/.m2/repository/org/codehaus/mojo/animal-sniffer-annotations/1.14/animal-sniffer-annotations-1.14.jar:/Users/saranshchitnis/.m2/repository/com/squareup/okhttp3/okhttp/3.11.0/okhttp-3.11.0.jar:/Users/saranshchitnis/.m2/repository/com/squareup/okio/okio/1.14.0/okio-1.14.0.jar:/Users/saranshchitnis/.m2/repository/commons-io/commons-io/2.6/commons-io-2.6.jar:/Users/saranshchitnis/.m2/repository/org/testng/testng/6.10/testng-6.10.jar:/Users/saranshchitnis/.m2/repository/com/beust/jcommander/1.48/jcommander-1.48.jar:/Users/saranshchitnis/.m2/repository/io/rest-assured/rest-assured/4.3.0/rest-assured-4.3.0.jar:/Users/saranshchitnis/.m2/repository/org/codehaus/groovy/groovy/3.0.2/groovy-3.0.2.jar:/Users/saranshchitnis/.m2/repository/org/codehaus/groovy/groovy-xml/3.0.2/groovy-xml-3.0.2.jar:/Users/saranshchitnis/.m2/repository/org/hamcrest/hamcrest/2.1/hamcrest-2.1.jar:/Users/saranshchitnis/.m2/repository/org/ccil/cowan/tagsoup/tagsoup/1.2.1/tagsoup-1.2.1.jar:/Users/saranshchitnis/.m2/repository/io/rest-assured/json-path/4.3.0/json-path-4.3.0.jar:/Users/saranshchitnis/.m2/repository/org/codehaus/groovy/groovy-json/3.0.2/groovy-json-3.0.2.jar:/Users/saranshchitnis/.m2/repository/io/rest-assured/rest-assured-common/4.3.0/rest-assured-common-4.3.0.jar:/Users/saranshchitnis/.m2/repository/io/rest-assured/xml-path/4.3.0/xml-path-4.3.0.jar:/Users/saranshchitnis/.m2/repository/org/apache/commons/commons-lang3/3.4/commons-lang3-3.4.jar:/Users/saranshchitnis/.m2/repository/jakarta/xml/bind/jakarta.xml.bind-api/2.3.2/jakarta.xml.bind-api-2.3.2.jar:/Users/saranshchitnis/.m2/repository/jakarta/activation/jakarta.activation-api/1.2.1/jakarta.activation-api-1.2.1.jar:/Users/saranshchitnis/.m2/repository/com/sun/xml/bind/jaxb-osgi/2.3.0.1/jaxb-osgi-2.3.0.1.jar:/Users/saranshchitnis/.m2/repository/org/apache/sling/org.apache.sling.javax.activation/0.1.0/org.apache.sling.javax.activation-0.1.0.jar:/Users/saranshchitnis/.m2/repository/javax/activation/activation/1.1.1/activation-1.1.1.jar:/Users/saranshchitnis/.m2/repository/com/comcast/magic-wand/appium/4.0.3/appium-4.0.3.jar:/Users/saranshchitnis/.m2/repository/com/comcast/video/dawg/dawg-common/2.0.1/dawg-common-2.0.1.jar:/Users/saranshchitnis/.m2/repository/com/comcast/video/stb-io-api/2.0.1/stb-io-api-2.0.1.jar:/Users/saranshchitnis/.m2/repository/org/slf4j/slf4j-api/1.7.1/slf4j-api-1.7.1.jar:/Users/saranshchitnis/.m2/repository/org/ini4j/ini4j/0.5.4/ini4j-0.5.4.jar:/Users/saranshchitnis/.m2/repository/org/easymock/easymock/3.1/easymock-3.1.jar:/Users/saranshchitnis/.m2/repository/cglib/cglib-nodep/2.2.2/cglib-nodep-2.2.2.jar:/Users/saranshchitnis/.m2/repository/org/objenesis/objenesis/1.2/objenesis-1.2.jar:/Users/saranshchitnis/.m2/repository/javax/servlet/servlet-api/2.5/servlet-api-2.5.jar:/Users/saranshchitnis/.m2/repository/javax/servlet/jstl/1.2/jstl-1.2.jar:/Users/saranshchitnis/.m2/repository/org/springframework/spring-oxm/3.2.14.RELEASE/spring-oxm-3.2.14.RELEASE.jar:/Users/saranshchitnis/.m2/repository/org/springframework/spring-context/3.2.14.RELEASE/spring-context-3.2.14.RELEASE.jar:/Users/saranshchitnis/.m2/repository/org/springframework/spring-aop/3.2.14.RELEASE/spring-aop-3.2.14.RELEASE.jar:/Users/saranshchitnis/.m2/repository/aopalliance/aopalliance/1.0/aopalliance-1.0.jar:/Users/saranshchitnis/.m2/repository/org/springframework/spring-expression/3.2.14.RELEASE/spring-expression-3.2.14.RELEASE.jar:/Users/saranshchitnis/.m2/repository/org/springframework/spring-webmvc/3.2.14.RELEASE/spring-webmvc-3.2.14.RELEASE.jar:/Users/saranshchitnis/.m2/repository/org/springframework/spring-core/3.2.14.RELEASE/spring-core-3.2.14.RELEASE.jar:/Users/saranshchitnis/.m2/repository/org/springframework/spring-web/3.2.14.RELEASE/spring-web-3.2.14.RELEASE.jar:/Users/saranshchitnis/.m2/repository/org/springframework/spring-jdbc/3.2.14.RELEASE/spring-jdbc-3.2.14.RELEASE.jar:/Users/saranshchitnis/.m2/repository/org/springframework/spring-tx/3.2.14.RELEASE/spring-tx-3.2.14.RELEASE.jar:/Users/saranshchitnis/.m2/repository/org/springframework/spring-beans/3.2.14.RELEASE/spring-beans-3.2.14.RELEASE.jar:/Users/saranshchitnis/.m2/repository/org/springframework/spring-test/3.2.14.RELEASE/spring-test-3.2.14.RELEASE.jar:/Users/saranshchitnis/.m2/repository/org/aspectj/aspectjrt/1.7.0/aspectjrt-1.7.0.jar:/Users/saranshchitnis/.m2/repository/org/slf4j/jcl-over-slf4j/1.7.1/jcl-over-slf4j-1.7.1.jar:/Users/saranshchitnis/.m2/repository/commons-lang/commons-lang/2.6/commons-lang-2.6.jar:/Users/saranshchitnis/.m2/repository/com/comcast/cereal/cereal/4.0.2/cereal-4.0.2.jar:/Users/saranshchitnis/.m2/repository/commons-beanutils/commons-beanutils/1.7.0/commons-beanutils-1.7.0.jar:/Users/saranshchitnis/.m2/repository/org/yaml/snakeyaml/1.11/snakeyaml-1.11.jar:/Users/saranshchitnis/.m2/repository/joda-time/joda-time/1.5/joda-time-1.5.jar:/Users/saranshchitnis/.m2/repository/org/json/json/20140107/json-20140107.jar:/Users/saranshchitnis/.m2/repository/org/codehaus/jackson/jackson-mapper-asl/1.9.12/jackson-mapper-asl-1.9.12.jar:/Users/saranshchitnis/.m2/repository/org/codehaus/jackson/jackson-core-asl/1.9.12/jackson-core-asl-1.9.12.jar:/Users/saranshchitnis/.m2/repository/com/comcast/pantry/pantry/2.0.8/pantry-2.0.8.jar:/Users/saranshchitnis/.m2/repository/org/apache/commons/commons-compress/1.9/commons-compress-1.9.jar:/Users/saranshchitnis/.m2/repository/log4j/log4j/1.2.17/log4j-1.2.17.jar:/Users/saranshchitnis/.m2/repository/org/eclipse/jetty/websocket/websocket-client/9.1.0.M0/websocket-client-9.1.0.M0.jar:/Users/saranshchitnis/.m2/repository/org/eclipse/jetty/jetty-util/9.1.0.M0/jetty-util-9.1.0.M0.jar:/Users/saranshchitnis/.m2/repository/org/eclipse/jetty/jetty-io/9.1.0.M0/jetty-io-9.1.0.M0.jar:/Users/saranshchitnis/.m2/repository/org/eclipse/jetty/websocket/websocket-common/9.1.0.M0/websocket-common-9.1.0.M0.jar:/Users/saranshchitnis/.m2/repository/org/eclipse/jetty/websocket/websocket-api/9.1.0.M0/websocket-api-9.1.0.M0.jar:/Users/saranshchitnis/.m2/repository/javax/inject/javax.inject/1/javax.inject-1.jar:/Users/saranshchitnis/.m2/repository/org/springframework/data/spring-data-mongodb/1.5.4.RELEASE/spring-data-mongodb-1.5.4.RELEASE.jar:/Users/saranshchitnis/.m2/repository/org/springframework/data/spring-data-commons/1.8.4.RELEASE/spring-data-commons-1.8.4.RELEASE.jar:/Users/saranshchitnis/.m2/repository/org/mongodb/mongo-java-driver/2.12.1/mongo-java-driver-2.12.1.jar:/Users/saranshchitnis/.m2/repository/taglibs/standard/1.1.2/standard-1.1.2.jar:/Users/saranshchitnis/.m2/repository/eu/bitwalker/UserAgentUtils/1.18/UserAgentUtils-1.18.jar:/Users/saranshchitnis/.m2/repository/org/eclipse/jetty/aggregate/jetty-all-server/7.6.7.v20120910/jetty-all-server-7.6.7.v20120910.jar:/Users/saranshchitnis/.m2/repository/org/eclipse/jetty/orbit/javax.security.auth.message/1.0.0.v201108011116/javax.security.auth.message-1.0.0.v201108011116.jar:/Users/saranshchitnis/.m2/repository/org/eclipse/jetty/orbit/javax.mail.glassfish/1.4.1.v201005082020/javax.mail.glassfish-1.4.1.v201005082020.jar:/Users/saranshchitnis/.m2/repository/org/eclipse/jetty/orbit/javax.activation/1.1.0.v201105071233/javax.activation-1.1.0.v201105071233.jar:/Users/saranshchitnis/.m2/repository/org/eclipse/jetty/orbit/javax.annotation/1.1.0.v201108011116/javax.annotation-1.1.0.v201108011116.jar:/Users/saranshchitnis/.m2/repository/org/reflections/reflections/0.9.9-RC2/reflections-0.9.9-RC2.jar:/Users/saranshchitnis/.m2/repository/org/javassist/javassist/3.18.2-GA/javassist-3.18.2-GA.jar:/Users/saranshchitnis/.m2/repository/com/google/code/findbugs/annotations/2.0.1/annotations-2.0.1.jar:/Users/saranshchitnis/.m2/repository/dom4j/dom4j/1.6.1/dom4j-1.6.1.jar:/Users/saranshchitnis/.m2/repository/xml-apis/xml-apis/1.0.b2/xml-apis-1.0.b2.jar:/Users/saranshchitnis/.m2/repository/com/comcast/video/dawg/dawg-client/2.0.1/dawg-client-2.0.1.jar:/Users/saranshchitnis/.m2/repository/com/comcast/drivethru/drive-thru/2.0.3/drive-thru-2.0.3.jar:/Users/saranshchitnis/.m2/repository/oauth/signpost/signpost-core/1.2.1/signpost-core-1.2.1.jar:/Users/saranshchitnis/.m2/repository/oauth/signpost/signpost-commonshttp4/1.2.1/signpost-commonshttp4-1.2.1.jar:/Users/saranshchitnis/.m2/repository/com/comcast/magic-wand/core/4.0.3/core-4.0.3.jar:/Users/saranshchitnis/.m2/repository/io/appium/java-client/2.2.0/java-client-2.2.0.jar:/Users/saranshchitnis/.m2/repository/cglib/cglib/3.1/cglib-3.1.jar:/Users/saranshchitnis/.m2/repository/org/ow2/asm/asm/4.2/asm-4.2.jar:/Users/saranshchitnis/.m2/repository/ch/qos/logback/logback-classic/1.1.2/logback-classic-1.1.2.jar:/Users/saranshchitnis/.m2/repository/ch/qos/logback/logback-core/1.1.2/logback-core-1.1.2.jar:/Users/saranshchitnis/.m2/repository/org/apache/logging/log4j/log4j-api/2.8.2/log4j-api-2.8.2.jar:/Users/saranshchitnis/.m2/repository/org/apache/logging/log4j/log4j-core/2.8.2/log4j-core-2.8.2.jar:/Users/saranshchitnis/.m2/repository/info/cukes/cucumber-testng/1.2.5/cucumber-testng-1.2.5.jar:"/>
    <property name="java.vm.vendor" value="Oracle Corporation"/>
    <property name="sun.arch.data.model" value="64"/>
    <property name="java.vendor.url" value="http://java.oracle.com/"/>
    <property name="user.timezone" value="Asia/Kolkata"/>
    <property name="java.vm.specification.version" value="11"/>
    <property name="os.name" value="Mac OS X"/>
    <property name="sun.java.launcher" value="SUN_STANDARD"/>
    <property name="user.country" value="IN"/>
    <property name="sun.boot.library.path" value="/Library/Java/JavaVirtualMachines/jdk-11.0.1.jdk/Contents/Home/lib"/>
    <property name="sun.java.command" value="/Users/saranshchitnis/Downloads/E2EProject/target/surefire/surefirebooter15352511420857373516.jar /Users/saranshchitnis/Downloads/E2EProject/target/surefire 2020-06-03T17-28-39_575-jvmRun1 surefire9947064367193675975tmp surefire_06196544234872629324tmp"/>
    <property name="http.nonProxyHosts" value="local|*.local|169.254/16|*.169.254/16"/>
    <property name="jdk.debug" value="release"/>
    <property name="surefire.test.class.path" value="/Users/saranshchitnis/Downloads/E2EProject/target/test-classes:/Users/saranshchitnis/Downloads/E2EProject/target/classes:/Users/saranshchitnis/.m2/repository/info/cukes/cucumber-java/1.2.5/cucumber-java-1.2.5.jar:/Users/saranshchitnis/.m2/repository/info/cukes/cucumber-core/1.2.5/cucumber-core-1.2.5.jar:/Users/saranshchitnis/.m2/repository/info/cukes/cucumber-html/0.2.3/cucumber-html-0.2.3.jar:/Users/saranshchitnis/.m2/repository/info/cukes/cucumber-jvm-deps/1.0.5/cucumber-jvm-deps-1.0.5.jar:/Users/saranshchitnis/.m2/repository/info/cukes/gherkin/2.12.2/gherkin-2.12.2.jar:/Users/saranshchitnis/.m2/repository/info/cukes/cucumber-junit/1.2.5/cucumber-junit-1.2.5.jar:/Users/saranshchitnis/.m2/repository/junit/junit/4.13/junit-4.13.jar:/Users/saranshchitnis/.m2/repository/org/hamcrest/hamcrest-core/1.3/hamcrest-core-1.3.jar:/Users/saranshchitnis/.m2/repository/com/aventstack/extentreports/4.1.5/extentreports-4.1.5.jar:/Users/saranshchitnis/.m2/repository/org/freemarker/freemarker/2.3.29/freemarker-2.3.29.jar:/Users/saranshchitnis/.m2/repository/org/apache/httpcomponents/httpclient/4.5.2/httpclient-4.5.2.jar:/Users/saranshchitnis/.m2/repository/org/apache/httpcomponents/httpcore/4.4.4/httpcore-4.4.4.jar:/Users/saranshchitnis/.m2/repository/commons-logging/commons-logging/1.2/commons-logging-1.2.jar:/Users/saranshchitnis/.m2/repository/commons-codec/commons-codec/1.9/commons-codec-1.9.jar:/Users/saranshchitnis/.m2/repository/org/apache/httpcomponents/httpmime/4.5.2/httpmime-4.5.2.jar:/Users/saranshchitnis/.m2/repository/com/google/code/gson/gson/2.8.6/gson-2.8.6.jar:/Users/saranshchitnis/.m2/repository/org/mongodb/mongodb-driver/3.12.0/mongodb-driver-3.12.0.jar:/Users/saranshchitnis/.m2/repository/org/mongodb/mongodb-driver-core/3.12.0/mongodb-driver-core-3.12.0.jar:/Users/saranshchitnis/.m2/repository/org/mongodb/bson/3.12.0/bson-3.12.0.jar:/Users/saranshchitnis/.m2/repository/org/seleniumhq/selenium/selenium-java/3.141.59/selenium-java-3.141.59.jar:/Users/saranshchitnis/.m2/repository/org/seleniumhq/selenium/selenium-api/3.141.59/selenium-api-3.141.59.jar:/Users/saranshchitnis/.m2/repository/org/seleniumhq/selenium/selenium-chrome-driver/3.141.59/selenium-chrome-driver-3.141.59.jar:/Users/saranshchitnis/.m2/repository/org/seleniumhq/selenium/selenium-edge-driver/3.141.59/selenium-edge-driver-3.141.59.jar:/Users/saranshchitnis/.m2/repository/org/seleniumhq/selenium/selenium-firefox-driver/3.141.59/selenium-firefox-driver-3.141.59.jar:/Users/saranshchitnis/.m2/repository/org/seleniumhq/selenium/selenium-ie-driver/3.141.59/selenium-ie-driver-3.141.59.jar:/Users/saranshchitnis/.m2/repository/org/seleniumhq/selenium/selenium-opera-driver/3.141.59/selenium-opera-driver-3.141.59.jar:/Users/saranshchitnis/.m2/repository/org/seleniumhq/selenium/selenium-remote-driver/3.141.59/selenium-remote-driver-3.141.59.jar:/Users/saranshchitnis/.m2/repository/org/seleniumhq/selenium/selenium-safari-driver/3.141.59/selenium-safari-driver-3.141.59.jar:/Users/saranshchitnis/.m2/repository/org/seleniumhq/selenium/selenium-support/3.141.59/selenium-support-3.141.59.jar:/Users/saranshchitnis/.m2/repository/net/bytebuddy/byte-buddy/1.8.15/byte-buddy-1.8.15.jar:/Users/saranshchitnis/.m2/repository/org/apache/commons/commons-exec/1.3/commons-exec-1.3.jar:/Users/saranshchitnis/.m2/repository/com/google/guava/guava/25.0-jre/guava-25.0-jre.jar:/Users/saranshchitnis/.m2/repository/com/google/code/findbugs/jsr305/1.3.9/jsr305-1.3.9.jar:/Users/saranshchitnis/.m2/repository/org/checkerframework/checker-compat-qual/2.0.0/checker-compat-qual-2.0.0.jar:/Users/saranshchitnis/.m2/repository/com/google/errorprone/error_prone_annotations/2.1.3/error_prone_annotations-2.1.3.jar:/Users/saranshchitnis/.m2/repository/com/google/j2objc/j2objc-annotations/1.1/j2objc-annotations-1.1.jar:/Users/saranshchitnis/.m2/repository/org/codehaus/mojo/animal-sniffer-annotations/1.14/animal-sniffer-annotations-1.14.jar:/Users/saranshchitnis/.m2/repository/com/squareup/okhttp3/okhttp/3.11.0/okhttp-3.11.0.jar:/Users/saranshchitnis/.m2/repository/com/squareup/okio/okio/1.14.0/okio-1.14.0.jar:/Users/saranshchitnis/.m2/repository/commons-io/commons-io/2.6/commons-io-2.6.jar:/Users/saranshchitnis/.m2/repository/org/testng/testng/6.10/testng-6.10.jar:/Users/saranshchitnis/.m2/repository/com/beust/jcommander/1.48/jcommander-1.48.jar:/Users/saranshchitnis/.m2/repository/io/rest-assured/rest-assured/4.3.0/rest-assured-4.3.0.jar:/Users/saranshchitnis/.m2/repository/org/codehaus/groovy/groovy/3.0.2/groovy-3.0.2.jar:/Users/saranshchitnis/.m2/repository/org/codehaus/groovy/groovy-xml/3.0.2/groovy-xml-3.0.2.jar:/Users/saranshchitnis/.m2/repository/org/hamcrest/hamcrest/2.1/hamcrest-2.1.jar:/Users/saranshchitnis/.m2/repository/org/ccil/cowan/tagsoup/tagsoup/1.2.1/tagsoup-1.2.1.jar:/Users/saranshchitnis/.m2/repository/io/rest-assured/json-path/4.3.0/json-path-4.3.0.jar:/Users/saranshchitnis/.m2/repository/org/codehaus/groovy/groovy-json/3.0.2/groovy-json-3.0.2.jar:/Users/saranshchitnis/.m2/repository/io/rest-assured/rest-assured-common/4.3.0/rest-assured-common-4.3.0.jar:/Users/saranshchitnis/.m2/repository/io/rest-assured/xml-path/4.3.0/xml-path-4.3.0.jar:/Users/saranshchitnis/.m2/repository/org/apache/commons/commons-lang3/3.4/commons-lang3-3.4.jar:/Users/saranshchitnis/.m2/repository/jakarta/xml/bind/jakarta.xml.bind-api/2.3.2/jakarta.xml.bind-api-2.3.2.jar:/Users/saranshchitnis/.m2/repository/jakarta/activation/jakarta.activation-api/1.2.1/jakarta.activation-api-1.2.1.jar:/Users/saranshchitnis/.m2/repository/com/sun/xml/bind/jaxb-osgi/2.3.0.1/jaxb-osgi-2.3.0.1.jar:/Users/saranshchitnis/.m2/repository/org/apache/sling/org.apache.sling.javax.activation/0.1.0/org.apache.sling.javax.activation-0.1.0.jar:/Users/saranshchitnis/.m2/repository/javax/activation/activation/1.1.1/activation-1.1.1.jar:/Users/saranshchitnis/.m2/repository/com/comcast/magic-wand/appium/4.0.3/appium-4.0.3.jar:/Users/saranshchitnis/.m2/repository/com/comcast/video/dawg/dawg-common/2.0.1/dawg-common-2.0.1.jar:/Users/saranshchitnis/.m2/repository/com/comcast/video/stb-io-api/2.0.1/stb-io-api-2.0.1.jar:/Users/saranshchitnis/.m2/repository/org/slf4j/slf4j-api/1.7.1/slf4j-api-1.7.1.jar:/Users/saranshchitnis/.m2/repository/org/ini4j/ini4j/0.5.4/ini4j-0.5.4.jar:/Users/saranshchitnis/.m2/repository/org/easymock/easymock/3.1/easymock-3.1.jar:/Users/saranshchitnis/.m2/repository/cglib/cglib-nodep/2.2.2/cglib-nodep-2.2.2.jar:/Users/saranshchitnis/.m2/repository/org/objenesis/objenesis/1.2/objenesis-1.2.jar:/Users/saranshchitnis/.m2/repository/javax/servlet/servlet-api/2.5/servlet-api-2.5.jar:/Users/saranshchitnis/.m2/repository/javax/servlet/jstl/1.2/jstl-1.2.jar:/Users/saranshchitnis/.m2/repository/org/springframework/spring-oxm/3.2.14.RELEASE/spring-oxm-3.2.14.RELEASE.jar:/Users/saranshchitnis/.m2/repository/org/springframework/spring-context/3.2.14.RELEASE/spring-context-3.2.14.RELEASE.jar:/Users/saranshchitnis/.m2/repository/org/springframework/spring-aop/3.2.14.RELEASE/spring-aop-3.2.14.RELEASE.jar:/Users/saranshchitnis/.m2/repository/aopalliance/aopalliance/1.0/aopalliance-1.0.jar:/Users/saranshchitnis/.m2/repository/org/springframework/spring-expression/3.2.14.RELEASE/spring-expression-3.2.14.RELEASE.jar:/Users/saranshchitnis/.m2/repository/org/springframework/spring-webmvc/3.2.14.RELEASE/spring-webmvc-3.2.14.RELEASE.jar:/Users/saranshchitnis/.m2/repository/org/springframework/spring-core/3.2.14.RELEASE/spring-core-3.2.14.RELEASE.jar:/Users/saranshchitnis/.m2/repository/org/springframework/spring-web/3.2.14.RELEASE/spring-web-3.2.14.RELEASE.jar:/Users/saranshchitnis/.m2/repository/org/springframework/spring-jdbc/3.2.14.RELEASE/spring-jdbc-3.2.14.RELEASE.jar:/Users/saranshchitnis/.m2/repository/org/springframework/spring-tx/3.2.14.RELEASE/spring-tx-3.2.14.RELEASE.jar:/Users/saranshchitnis/.m2/repository/org/springframework/spring-beans/3.2.14.RELEASE/spring-beans-3.2.14.RELEASE.jar:/Users/saranshchitnis/.m2/repository/org/springframework/spring-test/3.2.14.RELEASE/spring-test-3.2.14.RELEASE.jar:/Users/saranshchitnis/.m2/repository/org/aspectj/aspectjrt/1.7.0/aspectjrt-1.7.0.jar:/Users/saranshchitnis/.m2/repository/org/slf4j/jcl-over-slf4j/1.7.1/jcl-over-slf4j-1.7.1.jar:/Users/saranshchitnis/.m2/repository/commons-lang/commons-lang/2.6/commons-lang-2.6.jar:/Users/saranshchitnis/.m2/repository/com/comcast/cereal/cereal/4.0.2/cereal-4.0.2.jar:/Users/saranshchitnis/.m2/repository/commons-beanutils/commons-beanutils/1.7.0/commons-beanutils-1.7.0.jar:/Users/saranshchitnis/.m2/repository/org/yaml/snakeyaml/1.11/snakeyaml-1.11.jar:/Users/saranshchitnis/.m2/repository/joda-time/joda-time/1.5/joda-time-1.5.jar:/Users/saranshchitnis/.m2/repository/org/json/json/20140107/json-20140107.jar:/Users/saranshchitnis/.m2/repository/org/codehaus/jackson/jackson-mapper-asl/1.9.12/jackson-mapper-asl-1.9.12.jar:/Users/saranshchitnis/.m2/repository/org/codehaus/jackson/jackson-core-asl/1.9.12/jackson-core-asl-1.9.12.jar:/Users/saranshchitnis/.m2/repository/com/comcast/pantry/pantry/2.0.8/pantry-2.0.8.jar:/Users/saranshchitnis/.m2/repository/org/apache/commons/commons-compress/1.9/commons-compress-1.9.jar:/Users/saranshchitnis/.m2/repository/log4j/log4j/1.2.17/log4j-1.2.17.jar:/Users/saranshchitnis/.m2/repository/org/eclipse/jetty/websocket/websocket-client/9.1.0.M0/websocket-client-9.1.0.M0.jar:/Users/saranshchitnis/.m2/repository/org/eclipse/jetty/jetty-util/9.1.0.M0/jetty-util-9.1.0.M0.jar:/Users/saranshchitnis/.m2/repository/org/eclipse/jetty/jetty-io/9.1.0.M0/jetty-io-9.1.0.M0.jar:/Users/saranshchitnis/.m2/repository/org/eclipse/jetty/websocket/websocket-common/9.1.0.M0/websocket-common-9.1.0.M0.jar:/Users/saranshchitnis/.m2/repository/org/eclipse/jetty/websocket/websocket-api/9.1.0.M0/websocket-api-9.1.0.M0.jar:/Users/saranshchitnis/.m2/repository/javax/inject/javax.inject/1/javax.inject-1.jar:/Users/saranshchitnis/.m2/repository/org/springframework/data/spring-data-mongodb/1.5.4.RELEASE/spring-data-mongodb-1.5.4.RELEASE.jar:/Users/saranshchitnis/.m2/repository/org/springframework/data/spring-data-commons/1.8.4.RELEASE/spring-data-commons-1.8.4.RELEASE.jar:/Users/saranshchitnis/.m2/repository/org/mongodb/mongo-java-driver/2.12.1/mongo-java-driver-2.12.1.jar:/Users/saranshchitnis/.m2/repository/taglibs/standard/1.1.2/standard-1.1.2.jar:/Users/saranshchitnis/.m2/repository/eu/bitwalker/UserAgentUtils/1.18/UserAgentUtils-1.18.jar:/Users/saranshchitnis/.m2/repository/org/eclipse/jetty/aggregate/jetty-all-server/7.6.7.v20120910/jetty-all-server-7.6.7.v20120910.jar:/Users/saranshchitnis/.m2/repository/org/eclipse/jetty/orbit/javax.security.auth.message/1.0.0.v201108011116/javax.security.auth.message-1.0.0.v201108011116.jar:/Users/saranshchitnis/.m2/repository/org/eclipse/jetty/orbit/javax.mail.glassfish/1.4.1.v201005082020/javax.mail.glassfish-1.4.1.v201005082020.jar:/Users/saranshchitnis/.m2/repository/org/eclipse/jetty/orbit/javax.activation/1.1.0.v201105071233/javax.activation-1.1.0.v201105071233.jar:/Users/saranshchitnis/.m2/repository/org/eclipse/jetty/orbit/javax.annotation/1.1.0.v201108011116/javax.annotation-1.1.0.v201108011116.jar:/Users/saranshchitnis/.m2/repository/org/reflections/reflections/0.9.9-RC2/reflections-0.9.9-RC2.jar:/Users/saranshchitnis/.m2/repository/org/javassist/javassist/3.18.2-GA/javassist-3.18.2-GA.jar:/Users/saranshchitnis/.m2/repository/com/google/code/findbugs/annotations/2.0.1/annotations-2.0.1.jar:/Users/saranshchitnis/.m2/repository/dom4j/dom4j/1.6.1/dom4j-1.6.1.jar:/Users/saranshchitnis/.m2/repository/xml-apis/xml-apis/1.0.b2/xml-apis-1.0.b2.jar:/Users/saranshchitnis/.m2/repository/com/comcast/video/dawg/dawg-client/2.0.1/dawg-client-2.0.1.jar:/Users/saranshchitnis/.m2/repository/com/comcast/drivethru/drive-thru/2.0.3/drive-thru-2.0.3.jar:/Users/saranshchitnis/.m2/repository/oauth/signpost/signpost-core/1.2.1/signpost-core-1.2.1.jar:/Users/saranshchitnis/.m2/repository/oauth/signpost/signpost-commonshttp4/1.2.1/signpost-commonshttp4-1.2.1.jar:/Users/saranshchitnis/.m2/repository/com/comcast/magic-wand/core/4.0.3/core-4.0.3.jar:/Users/saranshchitnis/.m2/repository/io/appium/java-client/2.2.0/java-client-2.2.0.jar:/Users/saranshchitnis/.m2/repository/cglib/cglib/3.1/cglib-3.1.jar:/Users/saranshchitnis/.m2/repository/org/ow2/asm/asm/4.2/asm-4.2.jar:/Users/saranshchitnis/.m2/repository/ch/qos/logback/logback-classic/1.1.2/logback-classic-1.1.2.jar:/Users/saranshchitnis/.m2/repository/ch/qos/logback/logback-core/1.1.2/logback-core-1.1.2.jar:/Users/saranshchitnis/.m2/repository/org/apache/logging/log4j/log4j-api/2.8.2/log4j-api-2.8.2.jar:/Users/saranshchitnis/.m2/repository/org/apache/logging/log4j/log4j-core/2.8.2/log4j-core-2.8.2.jar:/Users/saranshchitnis/.m2/repository/info/cukes/cucumber-testng/1.2.5/cucumber-testng-1.2.5.jar:"/>
    <property name="sun.cpu.endian" value="little"/>
    <property name="user.home" value="/Users/saranshchitnis"/>
    <property name="user.language" value="en"/>
    <property name="java.specification.vendor" value="Oracle Corporation"/>
    <property name="java.version.date" value="2018-10-16"/>
    <property name="java.home" value="/Library/Java/JavaVirtualMachines/jdk-11.0.1.jdk/Contents/Home"/>
    <property name="file.separator" value="/"/>
    <property name="basedir" value="/Users/saranshchitnis/Downloads/E2EProject"/>
    <property name="java.vm.compressedOopsMode" value="Zero based"/>
    <property name="line.separator" value="&#10;"/>
    <property name="java.specification.name" value="Java Platform API Specification"/>
    <property name="java.vm.specification.vendor" value="Oracle Corporation"/>
    <property name="java.awt.graphicsenv" value="sun.awt.CGraphicsEnvironment"/>
    <property name="surefire.real.class.path" value="/Users/saranshchitnis/Downloads/E2EProject/target/surefire/surefirebooter15352511420857373516.jar"/>
    <property name="sun.management.compiler" value="HotSpot 64-Bit Tiered Compilers"/>
    <property name="ftp.nonProxyHosts" value="local|*.local|169.254/16|*.169.254/16"/>
    <property name="java.runtime.version" value="11.0.1+13-LTS"/>
    <property name="user.name" value="saranshchitnis"/>
    <property name="path.separator" value=":"/>
    <property name="os.version" value="10.15.5"/>
    <property name="java.runtime.name" value="Java(TM) SE Runtime Environment"/>
    <property name="file.encoding" value="UTF-8"/>
    <property name="java.vm.name" value="Java HotSpot(TM) 64-Bit Server VM"/>
    <property name="java.vendor.version" value="18.9"/>
    <property name="localRepository" value="/Users/saranshchitnis/.m2/repository"/>
    <property name="java.vendor.url.bug" value="http://bugreport.java.com/bugreport/"/>
    <property name="java.io.tmpdir" value="/var/folders/y1/297k9wlj7rggqgyh5c0fvffm0000gn/T/"/>
    <property name="java.version" value="11.0.1"/>
    <property name="user.dir" value="/Users/saranshchitnis/Downloads/E2EProject"/>
    <property name="os.arch" value="x86_64"/>
    <property name="java.vm.specification.name" value="Java Virtual Machine Specification"/>
    <property name="java.awt.printerjob" value="sun.lwawt.macosx.CPrinterJob"/>
    <property name="sun.os.patch.level" value="unknown"/>
    <property name="java.library.path" value="/Users/saranshchitnis/Library/Java/Extensions:/Library/Java/Extensions:/Network/Library/Java/Extensions:/System/Library/Java/Extensions:/usr/lib/java:."/>
    <property name="java.vendor" value="Oracle Corporation"/>
    <property name="java.vm.info" value="mixed mode"/>
    <property name="java.vm.version" value="11.0.1+13-LTS"/>
    <property name="sun.io.unicode.encoding" value="UnicodeBig"/>
    <property name="java.class.version" value="55.0"/>
    <property name="socksNonProxyHosts" value="local|*.local|169.254/16|*.169.254/16"/>
  </properties>
  <testcase name="feature" classname="cucumberOptions.TestRunner" time="98.807">
    <failure message="org.openqa.selenium.NoSuchElementException: no such element: Unable to locate element: {&quot;method&quot;:&quot;css selector&quot;,&quot;selector&quot;:&quot;*[name=&apos;query&apos;]&quot;}&#10;  (Session info: chrome=83.0.4103.61)&#10;For documentation on this error, please visit: https://www.seleniumhq.org/exceptions/no_such_element.html&#10;Build info: version: &apos;3.141.59&apos;, revision: &apos;e82be7d358&apos;, time: &apos;2018-11-14T08:17:03&apos;&#10;System info: host: &apos;Saranshs-MacBook-Pro.local&apos;, ip: &apos;fe80:0:0:0:8b4:c3ed:abd4:46da%en0&apos;, os.name: &apos;Mac OS X&apos;, os.arch: &apos;x86_64&apos;, os.version: &apos;10.15.5&apos;, java.version: &apos;11.0.1&apos;&#10;Driver info: org.openqa.selenium.chrome.ChromeDriver&#10;Capabilities {acceptInsecureCerts: false, browserName: chrome, browserVersion: 83.0.4103.61, chrome: {chromedriverVersion: 83.0.4103.39 (ccbf011cb2d2b..., userDataDir: /var/folders/y1/297k9wlj7rg...}, goog:chromeOptions: {debuggerAddress: localhost:50337}, javascriptEnabled: true, networkConnectionEnabled: false, pageLoadStrategy: normal, platform: MAC, platformName: MAC, proxy: Proxy(), setWindowRect: true, strictFileInteractability: false, timeouts: {implicit: 0, pageLoad: 300000, script: 30000}, unhandledPromptBehavior: dismiss and notify, webauthn:virtualAuthenticators: true}&#10;Session ID: 7c34b19d92fb6f8111b7f4dd67346d9f&#10;*** Element info: {Using=name, value=query}" type="cucumber.runtime.CucumberException"><![CDATA[cucumber.runtime.CucumberException: 
org.openqa.selenium.NoSuchElementException: no such element: Unable to locate element: {"method":"css selector","selector":"*[name='query']"}
  (Session info: chrome=83.0.4103.61)
For documentation on this error, please visit: https://www.seleniumhq.org/exceptions/no_such_element.html
Build info: version: '3.141.59', revision: 'e82be7d358', time: '2018-11-14T08:17:03'
System info: host: 'Saranshs-MacBook-Pro.local', ip: 'fe80:0:0:0:8b4:c3ed:abd4:46da%en0', os.name: 'Mac OS X', os.arch: 'x86_64', os.version: '10.15.5', java.version: '11.0.1'
Driver info: org.openqa.selenium.chrome.ChromeDriver
Capabilities {acceptInsecureCerts: false, browserName: chrome, browserVersion: 83.0.4103.61, chrome: {chromedriverVersion: 83.0.4103.39 (ccbf011cb2d2b..., userDataDir: /var/folders/y1/297k9wlj7rg...}, goog:chromeOptions: {debuggerAddress: localhost:50337}, javascriptEnabled: true, networkConnectionEnabled: false, pageLoadStrategy: normal, platform: MAC, platformName: MAC, proxy: Proxy(), setWindowRect: true, strictFileInteractability: false, timeouts: {implicit: 0, pageLoad: 300000, script: 30000}, unhandledPromptBehavior: dismiss and notify, webauthn:virtualAuthenticators: true}
Session ID: 7c34b19d92fb6f8111b7f4dd67346d9f
*** Element info: {Using=name, value=query}
Caused by: org.openqa.selenium.NoSuchElementException: 
no such element: Unable to locate element: {"method":"css selector","selector":"*[name='query']"}
  (Session info: chrome=83.0.4103.61)
For documentation on this error, please visit: https://www.seleniumhq.org/exceptions/no_such_element.html
Build info: version: '3.141.59', revision: 'e82be7d358', time: '2018-11-14T08:17:03'
System info: host: 'Saranshs-MacBook-Pro.local', ip: 'fe80:0:0:0:8b4:c3ed:abd4:46da%en0', os.name: 'Mac OS X', os.arch: 'x86_64', os.version: '10.15.5', java.version: '11.0.1'
Driver info: org.openqa.selenium.chrome.ChromeDriver
Capabilities {acceptInsecureCerts: false, browserName: chrome, browserVersion: 83.0.4103.61, chrome: {chromedriverVersion: 83.0.4103.39 (ccbf011cb2d2b..., userDataDir: /var/folders/y1/297k9wlj7rg...}, goog:chromeOptions: {debuggerAddress: localhost:50337}, javascriptEnabled: true, networkConnectionEnabled: false, pageLoadStrategy: normal, platform: MAC, platformName: MAC, proxy: Proxy(), setWindowRect: true, strictFileInteractability: false, timeouts: {implicit: 0, pageLoad: 300000, script: 30000}, unhandledPromptBehavior: dismiss and notify, webauthn:virtualAuthenticators: true}
Session ID: 7c34b19d92fb6f8111b7f4dd67346d9f
*** Element info: {Using=name, value=query}
]]></failure>
    <system-out><![CDATA[chrome
chrome
]]></system-out>
    <system-err><![CDATA[Starting ChromeDriver 83.0.4103.39 (ccbf011cb2d2b19b506d844400483861342c20cd-refs/branch-heads/4103@{#416}) on port 5732
Only local connections are allowed.
Please see https://chromedriver.chromium.org/security-considerations for suggestions on keeping ChromeDriver safe.
ChromeDriver was started successfully.
Jun 03, 2020 5:28:49 PM org.openqa.selenium.remote.ProtocolHandshake createSession
INFO: Detected dialect: W3C
Starting ChromeDriver 83.0.4103.39 (ccbf011cb2d2b19b506d844400483861342c20cd-refs/branch-heads/4103@{#416}) on port 25586
Only local connections are allowed.
Please see https://chromedriver.chromium.org/security-considerations for suggestions on keeping ChromeDriver safe.
ChromeDriver was started successfully.
Jun 03, 2020 5:29:38 PM org.openqa.selenium.remote.ProtocolHandshake createSession
INFO: Detected dialect: W3C
]]></system-err>
  </testcase>
</testsuite>