<?xml version="1.0" encoding="UTF-8"?>
<!-- Generated by org.testng.reporters.JUnitReportReporter -->
<testsuite hostname="Saranshs-MacBook-Pro.local" failures="0" tests="1" name="Academy.HomePage" time="29.083" errors="0" timestamp="2020-05-29T18:41:06 IST" skipped="0">
  <testcase classname="Academy.HomePage" name="basePageNavigation" time="29.083"/>
  <system-out/>
</testsuite> <!-- Academy.HomePage -->
