<?xml version="1.0" encoding="UTF-8"?>
<!-- Generated by org.testng.reporters.JUnitReportReporter -->
<testsuite ignored="0" hostname="Saranshs-MacBook-Pro.local" failures="0" tests="1" name="Academy.HomePage" time="13.591" errors="0" timestamp="29 May 2020 18:17:27 GMT" skipped="0">
  <testcase classname="Academy.HomePage" name="basePageNavigation" time="13.591"/>
</testsuite> <!-- Academy.HomePage -->
